2024-09-29 15:00:39,878 - INFO - æ•°æ®åº“è¿æ¥æ± åˆ›å»ºæˆåŠŸ
2024-09-29 15:00:39,912 - INFO - [31m[1mWARNING: This is a development server. Do not use it in a production deployment. Use a production WSGI server instead.[0m
 * Running on all addresses (0.0.0.0)
 * Running on http://127.0.0.1:8080
 * Running on http://192.168.91.88:8080
2024-09-29 15:00:39,912 - INFO - [33mPress CTRL+C to quit[0m
2024-09-29 15:00:42,742 - INFO - æ‰§è¡Œ SQL: 
    SELECT 
        aid, 
        title, 
        author, 
        update_time, 
        image_url, 
        click, 
        description
    FROM 
        yesapi_bjy_article
    WHERE 
        title LIKE %s  or keywords LIKE %s AND
        is_show = 1 AND 
        is_delete = 0
     with args: ('%å›½å†…%', '%å›½å†…%')
2024-09-29 15:00:42,745 - INFO - 127.0.0.1 - - [29/Sep/2024 15:00:42] "GET /article/fuzzy_search/å›½å†… HTTP/1.1" 200 -
